#
# There is insufficient memory for the Java Runtime Environment to continue.
# Native memory allocation (mmap) failed to map 134217728 bytes. Error detail: G1 virtual space
# Possible reasons:
#   The system is out of physical RAM or swap space
#   This process is running with CompressedOops enabled, and the Java Heap may be blocking the growth of the native heap
# Possible solutions:
#   Reduce memory load on the system
#   Increase physical memory or swap space
#   Check if swap backing store is full
#   Decrease Java heap size (-Xmx/-Xms)
#   Decrease number of Java threads
#   Decrease Java thread stack sizes (-Xss)
#   Set larger code cache with -XX:ReservedCodeCacheSize=
#   JVM is running with Unscaled Compressed Oops mode in which the Java heap is
#     placed in the first 4GB address space. The Java Heap base address is the
#     maximum limit for the native heap growth. Please use -XX:HeapBaseMinAddress
#     to set the Java Heap base and to place the Java Heap above 4GB virtual address.
# This output file may be truncated or incomplete.
#
#  Out of Memory Error (os_windows.cpp:3618), pid=19348, tid=9372
#
# JRE version:  (17.0.14+10) (build )
# Java VM: OpenJDK 64-Bit Server VM (17.0.14+10-LTS, mixed mode, sharing, tiered, compressed oops, compressed class ptrs, g1 gc, windows-amd64)
# No core dump will be written. Minidumps are not enabled by default on client versions of Windows
#

---------------  S U M M A R Y ------------

Command Line: -agentlib:jdwp=transport=dt_socket,address=127.0.0.1:57569,suspend=y,server=n -javaagent:C:\Users\신호준\AppData\Local\JetBrains\IntelliJIdea2025.1\captureAgent\debugger-agent.jar=file:///C:/Users/%EC%8B%A0%ED%98%B8%EC%A4%80/AppData/Local/Temp/capture7626764216884108168.props -agentpath:C:\Users\신호준\AppData\Local\Temp\idea_libasyncProfiler_dll_temp_folder\libasyncProfiler.dll=version,jfr,event=wall,interval=10ms,cstack=no,file=C:\Users\신호준\IdeaSnapshots\Main_1238_2025_05_09_151509.jfr,dbghelppath=C:\Users\신호준\AppData\Local\Temp\idea_dbghelp_dll_temp_folder\dbghelp.dll,log=C:\Users\신호준\AppData\Local\Temp\Main_1238_2025_05_09_151509.jfr.log.txt,logLevel=DEBUG -Dkotlinx.coroutines.debug.enable.creation.stack.trace=false -Ddebugger.agent.enable.coroutines=true -Dkotlinx.coroutines.debug.enable.flows.stack.trace=true -Dkotlinx.coroutines.debug.enable.mutable.state.flows.stack.trace=true -Dfile.encoding=UTF-8 baekjoon.Main_1238

Host: Intel(R) Core(TM) i5-7200U CPU @ 2.50GHz, 4 cores, 7G,  Windows 10 , 64 bit Build 19041 (10.0.19041.5678)
Time: Fri May  9 15:15:10 2025  Windows 10 , 64 bit Build 19041 (10.0.19041.5678) elapsed time: 0.065448 seconds (0d 0h 0m 0s)

---------------  T H R E A D  ---------------

Current thread (0x0000027e98ff1630):  JavaThread "Unknown thread" [_thread_in_vm, id=9372, stack(0x000000b84e400000,0x000000b84e500000)]

Stack: [0x000000b84e400000,0x000000b84e500000]
Native frames: (J=compiled Java code, j=interpreted, Vv=VM code, C=native code)
V  [jvm.dll+0x680f79]
V  [jvm.dll+0x838118]
V  [jvm.dll+0x839bde]
V  [jvm.dll+0x83a243]
V  [jvm.dll+0x248aef]
V  [jvm.dll+0x67dc99]
V  [jvm.dll+0x67285a]
V  [jvm.dll+0x307926]
V  [jvm.dll+0x30ed76]
V  [jvm.dll+0x35f10e]
V  [jvm.dll+0x35f34f]
V  [jvm.dll+0x2de92c]
V  [jvm.dll+0x2df884]
V  [jvm.dll+0x8099cb]
V  [jvm.dll+0x36cde1]
V  [jvm.dll+0x7e82f5]
V  [jvm.dll+0x3f14ef]
V  [jvm.dll+0x3f3061]
C  [jli.dll+0x52a3]
C  [ucrtbase.dll+0x21bb2]
C  [KERNEL32.DLL+0x17374]
C  [ntdll.dll+0x4cc91]


---------------  P R O C E S S  ---------------

Threads class SMR info:
_java_thread_list=0x00007fff7921c5b8, length=0, elements={
}

Java Threads: ( => current thread )

Other Threads:
  0x0000027e990517e0 GCTaskThread "GC Thread#0" [stack: 0x000000b84e500000,0x000000b84e600000] [id=17580]
  0x0000027e99062470 ConcurrentGCThread "G1 Main Marker" [stack: 0x000000b84e600000,0x000000b84e700000] [id=15236]
  0x0000027e99062e90 ConcurrentGCThread "G1 Conc#0" [stack: 0x000000b84e700000,0x000000b84e800000] [id=16112]

[error occurred during error reporting (printing all threads), id 0xc0000005, EXCEPTION_ACCESS_VIOLATION (0xc0000005) at pc=0x00007fff789cf3f7]

VM state: not at safepoint (not fully initialized)

VM Mutex/Monitor currently owned by a thread:  ([mutex/lock_event])
[0x0000027e98fed420] Heap_lock - owner thread: 0x0000027e98ff1630

Heap address: 0x0000000081600000, size: 2026 MB, Compressed Oops mode: 32-bit

CDS archive(s) mapped at: [0x0000000000000000-0x0000000000000000-0x0000000000000000), size 0, SharedBaseAddress: 0x0000000800000000, ArchiveRelocationMode: 1.
Narrow klass base: 0x0000000000000000, Narrow klass shift: 0, Narrow klass range: 0x0

GC Precious Log:
<Empty>

Heap:
 garbage-first heap   total 0K, used 0K [0x0000000081600000, 0x0000000100000000)
  region size 1024K, 0 young (0K), 0 survivors (0K)

[error occurred during error reporting (printing heap information), id 0xc0000005, EXCEPTION_ACCESS_VIOLATION (0xc0000005) at pc=0x00007fff78dba489]

GC Heap History (0 events):
No events

Dll operation events (2 events):
Event: 0.054 Loaded shared library C:\Program Files\BellSoft\LibericaJDK-17\bin\java.dll
Event: 0.057 Loaded shared library C:\Program Files\BellSoft\LibericaJDK-17\bin\zip.dll

Deoptimization events (0 events):
No events

Classes loaded (0 events):
No events

Classes unloaded (0 events):
No events

Classes redefined (0 events):
No events

Internal exceptions (0 events):
No events

VM Operations (0 events):
No events

Memory protections (0 events):
No events

Nmethod flushes (0 events):
No events

Events (0 events):
No events


Dynamic libraries:
0x00007ff7328f0000 - 0x00007ff7328fe000 	C:\Program Files\BellSoft\LibericaJDK-17\bin\java.exe
0x00007fff9c5f0000 - 0x00007fff9c7e8000 	C:\WINDOWS\SYSTEM32\ntdll.dll
0x00007fff9b500000 - 0x00007fff9b5c2000 	C:\WINDOWS\System32\KERNEL32.DLL
0x00007fff9a310000 - 0x00007fff9a606000 	C:\WINDOWS\System32\KERNELBASE.dll
0x00007fff9a210000 - 0x00007fff9a310000 	C:\WINDOWS\System32\ucrtbase.dll
0x00007fff804d0000 - 0x00007fff804e7000 	C:\Program Files\BellSoft\LibericaJDK-17\bin\jli.dll
0x00007fff7e6c0000 - 0x00007fff7e6db000 	C:\Program Files\BellSoft\LibericaJDK-17\bin\VCRUNTIME140.dll
0x00007fff9a7f0000 - 0x00007fff9a98d000 	C:\WINDOWS\System32\USER32.dll
0x00007fff99f80000 - 0x00007fff99fa2000 	C:\WINDOWS\System32\win32u.dll
0x00007fff9a9b0000 - 0x00007fff9a9db000 	C:\WINDOWS\System32\GDI32.dll
0x00007fff99dc0000 - 0x00007fff99eda000 	C:\WINDOWS\System32\gdi32full.dll
0x00007fff99ee0000 - 0x00007fff99f7d000 	C:\WINDOWS\System32\msvcp_win.dll
0x00007fff87dd0000 - 0x00007fff8806a000 	C:\WINDOWS\WinSxS\amd64_microsoft.windows.common-controls_6595b64144ccf1df_6.0.19041.4355_none_60b8b9eb71f62e16\COMCTL32.dll
0x00007fff9b6b0000 - 0x00007fff9b74e000 	C:\WINDOWS\System32\msvcrt.dll
0x00007fff9b770000 - 0x00007fff9b79f000 	C:\WINDOWS\System32\IMM32.DLL
0x00007fff7e060000 - 0x00007fff7e06c000 	C:\Program Files\BellSoft\LibericaJDK-17\bin\vcruntime140_1.dll
0x00007fff7cb30000 - 0x00007fff7cbbe000 	C:\Program Files\BellSoft\LibericaJDK-17\bin\msvcp140.dll
0x00007fff786e0000 - 0x00007fff79350000 	C:\Program Files\BellSoft\LibericaJDK-17\bin\server\jvm.dll
0x00007fff9ac00000 - 0x00007fff9acaf000 	C:\WINDOWS\System32\ADVAPI32.dll
0x00007fff9ab00000 - 0x00007fff9ab9f000 	C:\WINDOWS\System32\sechost.dll
0x00007fff9a6c0000 - 0x00007fff9a7e3000 	C:\WINDOWS\System32\RPCRT4.dll
0x00007fff9a190000 - 0x00007fff9a1b7000 	C:\WINDOWS\System32\bcrypt.dll
0x00007fff9c540000 - 0x00007fff9c5ab000 	C:\WINDOWS\System32\WS2_32.dll
0x00007fff99210000 - 0x00007fff9925b000 	C:\WINDOWS\SYSTEM32\POWRPROF.dll
0x00007fff843d0000 - 0x00007fff843f7000 	C:\WINDOWS\SYSTEM32\WINMM.dll
0x00007fff937c0000 - 0x00007fff937ca000 	C:\WINDOWS\SYSTEM32\VERSION.dll
0x00007fff99060000 - 0x00007fff99072000 	C:\WINDOWS\SYSTEM32\UMPDC.dll
0x00007fff98490000 - 0x00007fff984a2000 	C:\WINDOWS\SYSTEM32\kernel.appcore.dll
0x00007fff7cb20000 - 0x00007fff7cb2a000 	C:\Program Files\BellSoft\LibericaJDK-17\bin\jimage.dll
0x00007fff98170000 - 0x00007fff98354000 	C:\WINDOWS\SYSTEM32\DBGHELP.DLL
0x00007fff7cae0000 - 0x00007fff7cb14000 	C:\WINDOWS\SYSTEM32\dbgcore.DLL
0x00007fff99c80000 - 0x00007fff99d02000 	C:\WINDOWS\System32\bcryptPrimitives.dll
0x00007fff89530000 - 0x00007fff8956b000 	C:\Program Files\BellSoft\LibericaJDK-17\bin\jdwp.dll
0x00007fff96110000 - 0x00007fff9611e000 	C:\Program Files\BellSoft\LibericaJDK-17\bin\instrument.dll
0x00007fff7ca80000 - 0x00007fff7caa5000 	C:\Program Files\BellSoft\LibericaJDK-17\bin\java.dll
0x00007fff63c90000 - 0x00007fff63e88000 	C:\Users\신호준\AppData\Local\Temp\idea_libasyncProfiler_dll_temp_folder\libasyncProfiler.dll
0x00007fff78320000 - 0x00007fff78338000 	C:\Program Files\BellSoft\LibericaJDK-17\bin\zip.dll

dbghelp: loaded successfully - version: 4.0.5 - missing functions: none
symbol engine: initialized successfully - sym options: 0x614 - pdb path: .;C:\Program Files\BellSoft\LibericaJDK-17\bin;C:\WINDOWS\SYSTEM32;C:\WINDOWS\WinSxS\amd64_microsoft.windows.common-controls_6595b64144ccf1df_6.0.19041.4355_none_60b8b9eb71f62e16;C:\Program Files\BellSoft\LibericaJDK-17\bin\server;C:\Users\신호준\AppData\Local\Temp\idea_libasyncProfiler_dll_temp_;C:\Users\신호준\AppData\Local\Temp\idea_libasyncProfiler_dll

VM Arguments:
jvm_args: -agentlib:jdwp=transport=dt_socket,address=127.0.0.1:57569,suspend=y,server=n -javaagent:C:\Users\신호준\AppData\Local\JetBrains\IntelliJIdea2025.1\captureAgent\debugger-agent.jar=file:///C:/Users/%EC%8B%A0%ED%98%B8%EC%A4%80/AppData/Local/Temp/capture7626764216884108168.props -agentpath:C:\Users\신호준\AppData\Local\Temp\idea_libasyncProfiler_dll_temp_folder\libasyncProfiler.dll=version,jfr,event=wall,interval=10ms,cstack=no,file=C:\Users\신호준\IdeaSnapshots\Main_1238_2025_05_09_151509.jfr,dbghelppath=C:\Users\신호준\AppData\Local\Temp\idea_dbghelp_dll_temp_folder\dbghelp.dll,log=C:\Users\신호준\AppData\Local\Temp\Main_1238_2025_05_09_151509.jfr.log.txt,logLevel=DEBUG -Dkotlinx.coroutines.debug.enable.creation.stack.trace=false -Ddebugger.agent.enable.coroutines=true -Dkotlinx.coroutines.debug.enable.flows.stack.trace=true -Dkotlinx.coroutines.debug.enable.mutable.state.flows.stack.trace=true -Dfile.encoding=UTF-8 
java_command: baekjoon.Main_1238
java_class_path (initial): C:\work_algo\out\production\work_algo;C:\Program Files\JetBrains\IntelliJ IDEA 2025.1\lib\idea_rt.jar
Launcher Type: SUN_STANDARD

[Global flags]
     intx CICompilerCount                          = 3                                         {product} {ergonomic}
     uint ConcGCThreads                            = 1                                         {product} {ergonomic}
     uint G1ConcRefinementThreads                  = 4                                         {product} {ergonomic}
   size_t G1HeapRegionSize                         = 1048576                                   {product} {ergonomic}
    uintx GCDrainStackTargetSize                   = 64                                        {product} {ergonomic}
   size_t InitialHeapSize                          = 134217728                                 {product} {ergonomic}
   size_t MarkStackSize                            = 4194304                                   {product} {ergonomic}
   size_t MaxHeapSize                              = 2124414976                                {product} {ergonomic}
   size_t MinHeapDeltaBytes                        = 1048576                                   {product} {ergonomic}
   size_t MinHeapSize                              = 8388608                                   {product} {ergonomic}
    uintx NonNMethodCodeHeapSize                   = 5832780                                {pd product} {ergonomic}
    uintx NonProfiledCodeHeapSize                  = 122912730                              {pd product} {ergonomic}
    uintx ProfiledCodeHeapSize                     = 122912730                              {pd product} {ergonomic}
    uintx ReservedCodeCacheSize                    = 251658240                              {pd product} {ergonomic}
     bool SegmentedCodeCache                       = true                                      {product} {ergonomic}
   size_t SoftMaxHeapSize                          = 2124414976                             {manageable} {ergonomic}
     bool UseCompressedClassPointers               = true                           {product lp64_product} {ergonomic}
     bool UseCompressedOops                        = true                           {product lp64_product} {ergonomic}
     bool UseG1GC                                  = true                                      {product} {ergonomic}
     bool UseLargePagesIndividualAllocation        = false                                  {pd product} {ergonomic}

Logging:
Log output configuration:
 #0: stdout all=warning uptime,level,tags
 #1: stderr all=off uptime,level,tags

Environment Variables:
JAVA_HOME=C:\Program Files\BellSoft\LibericaJDK-17\
PATH=C:\Program Files (x86)\Common Files\Oracle\Java\javapath;C:\Program Files\BellSoft\LibericaJDK-17\bin\;C:\Program Files\BellSoft\LibericaJDK-21\bin\;C:\ProgramData\Oracle\Java\javapath;C:\Program Files (x86)\Intel\iCLS Client\;C:\Program Files\Intel\iCLS Client\;C:\WINDOWS\system32;C:\WINDOWS;C:\WINDOWS\System32\Wbem;C:\WINDOWS\System32\WindowsPowerShell\v1.0\;C:\Program Files (x86)\Intel\Intel(R) Management Engine Components\DAL;C:\Program Files\Intel\Intel(R) Management Engine Components\DAL;C:\Program Files (x86)\Intel\Intel(R) Management Engine Components\IPT;C:\Program Files\Intel\Intel(R) Management Engine Components\IPT;C:\Program Files\Microsoft SQL Server\130\Tools\Binn\;C:\WINDOWS\System32\OpenSSH\;C:\Program Files\Intel\WiFi\bin\;C:\Program Files\Common Files\Intel\WirelessCommon\;C:\Program Files\dotnet\;C:\Program Files\Git\cmd;C:\mingw64\bin;C:\Program Files\CMake\bin;C:\opencv\build\x64\vc15\lib;C:\Program Files\Bandizip\;C:\Program Files\nodejs\;C:\Program Files\Docker\Docker\resources\bin;C:\Program Files\PuTTY\;C:\Users\신호준\AppData\Local\Programs\Python\Python311\Scripts\;C:\Users\신호준\AppData\Local\Programs\Python\Python311\;C:\Users\신호준\AppData\Local\Microsoft\WindowsApps;C:\Users\신호준\AppData\Local\Programs\Microsoft VS Code\bin;C:\Users\신호준\AppData\Roaming\npm;C:\Program Files\JetBrains\IntelliJ IDEA 2025.1\bin;
USERNAME=신호준
OS=Windows_NT
PROCESSOR_IDENTIFIER=Intel64 Family 6 Model 142 Stepping 9, GenuineIntel
TMP=C:\Users\신호준\AppData\Local\Temp
TEMP=C:\Users\신호준\AppData\Local\Temp



Periodic native trim disabled


---------------  S Y S T E M  ---------------

OS:
 Windows 10 , 64 bit Build 19041 (10.0.19041.5678)
OS uptime: 13 days 22:21 hours
Hyper-V role detected

CPU: total 4 (initial active 4) (2 cores per cpu, 2 threads per core) family 6 model 142 stepping 9 microcode 0xb4, cx8, cmov, fxsr, ht, mmx, 3dnowpref, sse, sse2, sse3, ssse3, sse4.1, sse4.2, popcnt, lzcnt, tsc, tscinvbit, avx, avx2, aes, erms, clmul, bmi1, bmi2, adx, fma, vzeroupper, clflush, clflushopt, hv
Processor Information for all 4 processors :
  Max Mhz: 2712, Current Mhz: 2511, Mhz Limit: 2495

Memory: 4k page, system-wide physical 8102M (590M free)
TotalPageFile size 9902M (AvailPageFile size 15M)
current process WorkingSet (physical memory assigned to process): 12M, peak: 12M
current process commit charge ("private bytes"): 63M, peak: 191M

vm_info: OpenJDK 64-Bit Server VM (17.0.14+10-LTS) for windows-amd64 JRE (17.0.14+10-LTS), built on Jan 14 2025 23:58:31 by "" with MS VC++ 17.1 (VS2022)

END.
