#
# There is insufficient memory for the Java Runtime Environment to continue.
# Native memory allocation (mmap) failed to map 27262976 bytes. Error detail: G1 virtual space
# Possible reasons:
#   The system is out of physical RAM or swap space
#   This process is running with CompressedOops enabled, and the Java Heap may be blocking the growth of the native heap
# Possible solutions:
#   Reduce memory load on the system
#   Increase physical memory or swap space
#   Check if swap backing store is full
#   Decrease Java heap size (-Xmx/-Xms)
#   Decrease number of Java threads
#   Decrease Java thread stack sizes (-Xss)
#   Set larger code cache with -XX:ReservedCodeCacheSize=
#   JVM is running with Unscaled Compressed Oops mode in which the Java heap is
#     placed in the first 4GB address space. The Java Heap base address is the
#     maximum limit for the native heap growth. Please use -XX:HeapBaseMinAddress
#     to set the Java Heap base and to place the Java Heap above 4GB virtual address.
# This output file may be truncated or incomplete.
#
#  Out of Memory Error (os_windows.cpp:3686), pid=11320, tid=1004
#
# JRE version: OpenJDK Runtime Environment Temurin-21.0.6+7 (21.0.6+7) (build 21.0.6+7-LTS)
# Java VM: OpenJDK 64-Bit Server VM Temurin-21.0.6+7 (21.0.6+7-LTS, mixed mode, sharing, tiered, compressed oops, compressed class ptrs, g1 gc, windows-amd64)
# No core dump will be written. Minidumps are not enabled by default on client versions of Windows
#

---------------  S U M M A R Y ------------

Command Line: -Dfile.encoding=UTF-8 -Dstdout.encoding=UTF-8 -Dstderr.encoding=UTF-8 -XX:+ShowCodeDetailsInExceptionMessages baekjoon.Main_13913

Host: Intel(R) Core(TM) i5-7200U CPU @ 2.50GHz, 4 cores, 7G,  Windows 10 , 64 bit Build 19041 (10.0.19041.5438)
Time: Thu Mar 27 17:26:46 2025  Windows 10 , 64 bit Build 19041 (10.0.19041.5438) elapsed time: 5.461936 seconds (0d 0h 0m 5s)

---------------  T H R E A D  ---------------

Current thread (0x00000218dec527d0):  VMThread "VM Thread"          [id=1004, stack(0x000000500b500000,0x000000500b600000) (1024K)]

Stack: [0x000000500b500000,0x000000500b600000]
Native frames: (J=compiled Java code, j=interpreted, Vv=VM code, C=native code)
V  [jvm.dll+0x6cdee9]
V  [jvm.dll+0x8a83d1]
V  [jvm.dll+0x8aa8fe]
V  [jvm.dll+0x8aafe3]
V  [jvm.dll+0x27f706]
V  [jvm.dll+0x6ca755]
V  [jvm.dll+0x6bea3a]
V  [jvm.dll+0x355d6a]
V  [jvm.dll+0x35d936]
V  [jvm.dll+0x3af58e]
V  [jvm.dll+0x3af838]
V  [jvm.dll+0x329efc]
V  [jvm.dll+0x329f87]
V  [jvm.dll+0x36dd4c]
V  [jvm.dll+0x36c598]
V  [jvm.dll+0x3296c1]
V  [jvm.dll+0x36bc0a]
V  [jvm.dll+0x8b0cff]
V  [jvm.dll+0x8b2084]
V  [jvm.dll+0x8b25c0]
V  [jvm.dll+0x8b2863]
V  [jvm.dll+0x851f8b]
V  [jvm.dll+0x6cc5ed]
C  [ucrtbase.dll+0x21bb2]
C  [KERNEL32.DLL+0x17374]
C  [ntdll.dll+0x4cc91]

VM_Operation (0x000000500aeff140): G1CollectForAllocation, mode: safepoint, requested by thread 0x00000218c53febe0


---------------  P R O C E S S  ---------------

Threads class SMR info:
_java_thread_list=0x00000218e30b8f90, length=12, elements={
0x00000218c53febe0, 0x00000218dec66010, 0x00000218dec6c8f0, 0x00000218dec70b40,
0x00000218dec71da0, 0x00000218dec748f0, 0x00000218dec78840, 0x00000218dec7dd70,
0x00000218dec81020, 0x00000218e30d8070, 0x00000218e30db8a0, 0x00000218e30ec930
}

Java Threads: ( => current thread )
  0x00000218c53febe0 JavaThread "main"                              [_thread_blocked, id=2168, stack(0x000000500ae00000,0x000000500af00000) (1024K)]
  0x00000218dec66010 JavaThread "Reference Handler"          daemon [_thread_blocked, id=19680, stack(0x000000500b600000,0x000000500b700000) (1024K)]
  0x00000218dec6c8f0 JavaThread "Finalizer"                  daemon [_thread_blocked, id=12344, stack(0x000000500b700000,0x000000500b800000) (1024K)]
  0x00000218dec70b40 JavaThread "Signal Dispatcher"          daemon [_thread_blocked, id=7364, stack(0x000000500b800000,0x000000500b900000) (1024K)]
  0x00000218dec71da0 JavaThread "Attach Listener"            daemon [_thread_blocked, id=11764, stack(0x000000500b900000,0x000000500ba00000) (1024K)]
  0x00000218dec748f0 JavaThread "Service Thread"             daemon [_thread_blocked, id=21912, stack(0x000000500ba00000,0x000000500bb00000) (1024K)]
  0x00000218dec78840 JavaThread "Monitor Deflation Thread"   daemon [_thread_blocked, id=14952, stack(0x000000500bb00000,0x000000500bc00000) (1024K)]
  0x00000218dec7dd70 JavaThread "C2 CompilerThread0"         daemon [_thread_blocked, id=17940, stack(0x000000500bc00000,0x000000500bd00000) (1024K)]
  0x00000218dec81020 JavaThread "C1 CompilerThread0"         daemon [_thread_blocked, id=9516, stack(0x000000500bd00000,0x000000500be00000) (1024K)]
  0x00000218e30d8070 JavaThread "Notification Thread"        daemon [_thread_blocked, id=13320, stack(0x000000500be00000,0x000000500bf00000) (1024K)]
  0x00000218e30db8a0 JavaThread "Common-Cleaner"             daemon [_thread_blocked, id=22004, stack(0x000000500bf00000,0x000000500c000000) (1024K)]
  0x00000218e30ec930 JavaThread "C2 CompilerThread1"         daemon [_thread_blocked, id=21240, stack(0x000000500c000000,0x000000500c100000) (1024K)]
Total: 12

Other Threads:
=>0x00000218dec527d0 VMThread "VM Thread"                           [id=1004, stack(0x000000500b500000,0x000000500b600000) (1024K)]
  0x00000218dec3d4c0 WatcherThread "VM Periodic Task Thread"        [id=22624, stack(0x000000500b400000,0x000000500b500000) (1024K)]
  0x00000218c76b13a0 WorkerThread "GC Thread#0"                     [id=22832, stack(0x000000500af00000,0x000000500b000000) (1024K)]
  0x00000218e3294b40 WorkerThread "GC Thread#1"                     [id=9588, stack(0x000000500c100000,0x000000500c200000) (1024K)]
  0x00000218e3294ee0 WorkerThread "GC Thread#2"                     [id=15076, stack(0x000000500c200000,0x000000500c300000) (1024K)]
  0x00000218c76c2920 ConcurrentGCThread "G1 Main Marker"            [id=20560, stack(0x000000500b000000,0x000000500b100000) (1024K)]
  0x00000218c76c3330 WorkerThread "G1 Conc#0"                       [id=16148, stack(0x000000500b100000,0x000000500b200000) (1024K)]
  0x00000218deb020c0 ConcurrentGCThread "G1 Refine#0"               [id=10136, stack(0x000000500b200000,0x000000500b300000) (1024K)]
  0x00000218deb02b40 ConcurrentGCThread "G1 Service"                [id=22848, stack(0x000000500b300000,0x000000500b400000) (1024K)]
Total: 9

Threads with active compile tasks:
Total: 0

VM state: at safepoint (normal execution)

VM Mutex/Monitor currently owned by a thread:  ([mutex/lock_event])
[0x00007ffd6d65e380] Threads_lock - owner thread: 0x00000218dec527d0
[0x00007ffd6d65e480] Heap_lock - owner thread: 0x00000218c53febe0

Heap address: 0x0000000081600000, size: 2026 MB, Compressed Oops mode: 32-bit

CDS archive(s) mapped at: [0x0000021880000000-0x0000021880c80000-0x0000021880c80000), size 13107200, SharedBaseAddress: 0x0000021880000000, ArchiveRelocationMode: 1.
Compressed class space mapped at: 0x0000021881000000-0x00000218c1000000, reserved size: 1073741824
Narrow klass base: 0x0000021880000000, Narrow klass shift: 0, Narrow klass range: 0x100000000

GC Precious Log:
 CardTable entry size: 512
 Card Set container configuration: InlinePtr #cards 5 size 8 Array Of Cards #cards 12 size 40 Howl #buckets 4 coarsen threshold 1843 Howl Bitmap #cards 512 size 80 coarsen threshold 460 Card regions per heap region 1 cards per card region 2048
 CPUs: 4 total, 4 available
 Memory: 8102M
 Large Page Support: Disabled
 NUMA Support: Disabled
 Compressed Oops: Enabled (32-bit)
 Heap Region Size: 1M
 Heap Min Capacity: 8M
 Heap Initial Capacity: 128M
 Heap Max Capacity: 2026M
 Pre-touch: Disabled
 Parallel Workers: 4
 Concurrent Workers: 1
 Concurrent Refinement Workers: 4
 Periodic GC: Disabled

Heap:
 garbage-first heap   total 131072K, used 11207K [0x0000000081600000, 0x0000000100000000)
  region size 1024K, 1 young (1024K), 1 survivors (1024K)
 Metaspace       used 222K, committed 448K, reserved 1114112K
  class space    used 8K, committed 128K, reserved 1048576K

Heap Regions: E=young(eden), S=young(survivor), O=old, HS=humongous(starts), HC=humongous(continues), CS=collection set, F=free, TAMS=top-at-mark-start, PB=parsable bottom
|   0|0x0000000081600000, 0x0000000081600000, 0x0000000081700000|  0%| F|  |TAMS 0x0000000081600000| PB 0x0000000081600000| Untracked 
|   1|0x0000000081700000, 0x0000000081700000, 0x0000000081800000|  0%| F|  |TAMS 0x0000000081700000| PB 0x0000000081700000| Untracked 
|   2|0x0000000081800000, 0x0000000081800000, 0x0000000081900000|  0%| F|  |TAMS 0x0000000081800000| PB 0x0000000081800000| Untracked 
|   3|0x0000000081900000, 0x0000000081900000, 0x0000000081a00000|  0%| F|  |TAMS 0x0000000081900000| PB 0x0000000081900000| Untracked 
|   4|0x0000000081a00000, 0x0000000081a00000, 0x0000000081b00000|  0%| F|  |TAMS 0x0000000081a00000| PB 0x0000000081a00000| Untracked 
|   5|0x0000000081b00000, 0x0000000081b00000, 0x0000000081c00000|  0%| F|  |TAMS 0x0000000081b00000| PB 0x0000000081b00000| Untracked 
|   6|0x0000000081c00000, 0x0000000081c00000, 0x0000000081d00000|  0%| F|  |TAMS 0x0000000081c00000| PB 0x0000000081c00000| Untracked 
|   7|0x0000000081d00000, 0x0000000081d00000, 0x0000000081e00000|  0%| F|  |TAMS 0x0000000081d00000| PB 0x0000000081d00000| Untracked 
|   8|0x0000000081e00000, 0x0000000081e00000, 0x0000000081f00000|  0%| F|  |TAMS 0x0000000081e00000| PB 0x0000000081e00000| Untracked 
|   9|0x0000000081f00000, 0x0000000081f00000, 0x0000000082000000|  0%| F|  |TAMS 0x0000000081f00000| PB 0x0000000081f00000| Untracked 
|  10|0x0000000082000000, 0x0000000082000000, 0x0000000082100000|  0%| F|  |TAMS 0x0000000082000000| PB 0x0000000082000000| Untracked 
|  11|0x0000000082100000, 0x0000000082200000, 0x0000000082200000|100%|HS|  |TAMS 0x0000000082100000| PB 0x0000000082100000| Complete 
|  12|0x0000000082200000, 0x0000000082300000, 0x0000000082300000|100%|HC|  |TAMS 0x0000000082200000| PB 0x0000000082200000| Complete 
|  13|0x0000000082300000, 0x0000000082400000, 0x0000000082400000|100%|HC|  |TAMS 0x0000000082300000| PB 0x0000000082300000| Complete 
|  14|0x0000000082400000, 0x0000000082500000, 0x0000000082500000|100%|HC|  |TAMS 0x0000000082400000| PB 0x0000000082400000| Complete 
|  15|0x0000000082500000, 0x0000000082600000, 0x0000000082600000|100%|HC|  |TAMS 0x0000000082500000| PB 0x0000000082500000| Complete 
|  16|0x0000000082600000, 0x0000000082700000, 0x0000000082700000|100%|HC|  |TAMS 0x0000000082600000| PB 0x0000000082600000| Complete 
|  17|0x0000000082700000, 0x0000000082800000, 0x0000000082800000|100%|HC|  |TAMS 0x0000000082700000| PB 0x0000000082700000| Complete 
|  18|0x0000000082800000, 0x0000000082900000, 0x0000000082900000|100%|HC|  |TAMS 0x0000000082800000| PB 0x0000000082800000| Complete 
|  19|0x0000000082900000, 0x0000000082a00000, 0x0000000082a00000|100%|HC|  |TAMS 0x0000000082900000| PB 0x0000000082900000| Complete 
|  20|0x0000000082a00000, 0x0000000082b00000, 0x0000000082b00000|100%|HC|  |TAMS 0x0000000082a00000| PB 0x0000000082a00000| Complete 
|  21|0x0000000082b00000, 0x0000000082b00000, 0x0000000082c00000|  0%| F|  |TAMS 0x0000000082b00000| PB 0x0000000082b00000| Untracked 
|  22|0x0000000082c00000, 0x0000000082c00000, 0x0000000082d00000|  0%| F|  |TAMS 0x0000000082c00000| PB 0x0000000082c00000| Untracked 
|  23|0x0000000082d00000, 0x0000000082d00000, 0x0000000082e00000|  0%| F|  |TAMS 0x0000000082d00000| PB 0x0000000082d00000| Untracked 
|  24|0x0000000082e00000, 0x0000000082e00000, 0x0000000082f00000|  0%| F|  |TAMS 0x0000000082e00000| PB 0x0000000082e00000| Untracked 
|  25|0x0000000082f00000, 0x0000000082f00000, 0x0000000083000000|  0%| F|  |TAMS 0x0000000082f00000| PB 0x0000000082f00000| Untracked 
|  26|0x0000000083000000, 0x0000000083000000, 0x0000000083100000|  0%| F|  |TAMS 0x0000000083000000| PB 0x0000000083000000| Untracked 
|  27|0x0000000083100000, 0x0000000083100000, 0x0000000083200000|  0%| F|  |TAMS 0x0000000083100000| PB 0x0000000083100000| Untracked 
|  28|0x0000000083200000, 0x0000000083200000, 0x0000000083300000|  0%| F|  |TAMS 0x0000000083200000| PB 0x0000000083200000| Untracked 
|  29|0x0000000083300000, 0x0000000083300000, 0x0000000083400000|  0%| F|  |TAMS 0x0000000083300000| PB 0x0000000083300000| Untracked 
|  30|0x0000000083400000, 0x0000000083400000, 0x0000000083500000|  0%| F|  |TAMS 0x0000000083400000| PB 0x0000000083400000| Untracked 
|  31|0x0000000083500000, 0x0000000083500000, 0x0000000083600000|  0%| F|  |TAMS 0x0000000083500000| PB 0x0000000083500000| Untracked 
|  32|0x0000000083600000, 0x0000000083600000, 0x0000000083700000|  0%| F|  |TAMS 0x0000000083600000| PB 0x0000000083600000| Untracked 
|  33|0x0000000083700000, 0x0000000083700000, 0x0000000083800000|  0%| F|  |TAMS 0x0000000083700000| PB 0x0000000083700000| Untracked 
|  34|0x0000000083800000, 0x0000000083800000, 0x0000000083900000|  0%| F|  |TAMS 0x0000000083800000| PB 0x0000000083800000| Untracked 
|  35|0x0000000083900000, 0x0000000083900000, 0x0000000083a00000|  0%| F|  |TAMS 0x0000000083900000| PB 0x0000000083900000| Untracked 
|  36|0x0000000083a00000, 0x0000000083a00000, 0x0000000083b00000|  0%| F|  |TAMS 0x0000000083a00000| PB 0x0000000083a00000| Untracked 
|  37|0x0000000083b00000, 0x0000000083b00000, 0x0000000083c00000|  0%| F|  |TAMS 0x0000000083b00000| PB 0x0000000083b00000| Untracked 
|  38|0x0000000083c00000, 0x0000000083c00000, 0x0000000083d00000|  0%| F|  |TAMS 0x0000000083c00000| PB 0x0000000083c00000| Untracked 
|  39|0x0000000083d00000, 0x0000000083d00000, 0x0000000083e00000|  0%| F|  |TAMS 0x0000000083d00000| PB 0x0000000083d00000| Untracked 
|  40|0x0000000083e00000, 0x0000000083e00000, 0x0000000083f00000|  0%| F|  |TAMS 0x0000000083e00000| PB 0x0000000083e00000| Untracked 
|  41|0x0000000083f00000, 0x0000000083f00000, 0x0000000084000000|  0%| F|  |TAMS 0x0000000083f00000| PB 0x0000000083f00000| Untracked 
|  42|0x0000000084000000, 0x0000000084000000, 0x0000000084100000|  0%| F|  |TAMS 0x0000000084000000| PB 0x0000000084000000| Untracked 
|  43|0x0000000084100000, 0x0000000084100000, 0x0000000084200000|  0%| F|  |TAMS 0x0000000084100000| PB 0x0000000084100000| Untracked 
|  44|0x0000000084200000, 0x0000000084200000, 0x0000000084300000|  0%| F|  |TAMS 0x0000000084200000| PB 0x0000000084200000| Untracked 
|  45|0x0000000084300000, 0x0000000084300000, 0x0000000084400000|  0%| F|  |TAMS 0x0000000084300000| PB 0x0000000084300000| Untracked 
|  46|0x0000000084400000, 0x0000000084400000, 0x0000000084500000|  0%| F|  |TAMS 0x0000000084400000| PB 0x0000000084400000| Untracked 
|  47|0x0000000084500000, 0x0000000084500000, 0x0000000084600000|  0%| F|  |TAMS 0x0000000084500000| PB 0x0000000084500000| Untracked 
|  48|0x0000000084600000, 0x0000000084600000, 0x0000000084700000|  0%| F|  |TAMS 0x0000000084600000| PB 0x0000000084600000| Untracked 
|  49|0x0000000084700000, 0x0000000084700000, 0x0000000084800000|  0%| F|  |TAMS 0x0000000084700000| PB 0x0000000084700000| Untracked 
|  50|0x0000000084800000, 0x0000000084800000, 0x0000000084900000|  0%| F|  |TAMS 0x0000000084800000| PB 0x0000000084800000| Untracked 
|  51|0x0000000084900000, 0x0000000084900000, 0x0000000084a00000|  0%| F|  |TAMS 0x0000000084900000| PB 0x0000000084900000| Untracked 
|  52|0x0000000084a00000, 0x0000000084af1f70, 0x0000000084b00000| 94%| S|CS|TAMS 0x0000000084a00000| PB 0x0000000084a00000| Complete 
|  53|0x0000000084b00000, 0x0000000084b00000, 0x0000000084c00000|  0%| F|  |TAMS 0x0000000084b00000| PB 0x0000000084b00000| Untracked 
|  54|0x0000000084c00000, 0x0000000084c00000, 0x0000000084d00000|  0%| F|  |TAMS 0x0000000084c00000| PB 0x0000000084c00000| Untracked 
|  55|0x0000000084d00000, 0x0000000084d00000, 0x0000000084e00000|  0%| F|  |TAMS 0x0000000084d00000| PB 0x0000000084d00000| Untracked 
|  56|0x0000000084e00000, 0x0000000084e00000, 0x0000000084f00000|  0%| F|  |TAMS 0x0000000084e00000| PB 0x0000000084e00000| Untracked 
|  57|0x0000000084f00000, 0x0000000084f00000, 0x0000000085000000|  0%| F|  |TAMS 0x0000000084f00000| PB 0x0000000084f00000| Untracked 
|  58|0x0000000085000000, 0x0000000085000000, 0x0000000085100000|  0%| F|  |TAMS 0x0000000085000000| PB 0x0000000085000000| Untracked 
|  59|0x0000000085100000, 0x0000000085100000, 0x0000000085200000|  0%| F|  |TAMS 0x0000000085100000| PB 0x0000000085100000| Untracked 
|  60|0x0000000085200000, 0x0000000085200000, 0x0000000085300000|  0%| F|  |TAMS 0x0000000085200000| PB 0x0000000085200000| Untracked 
|  61|0x0000000085300000, 0x0000000085300000, 0x0000000085400000|  0%| F|  |TAMS 0x0000000085300000| PB 0x0000000085300000| Untracked 
|  62|0x0000000085400000, 0x0000000085400000, 0x0000000085500000|  0%| F|  |TAMS 0x0000000085400000| PB 0x0000000085400000| Untracked 
|  63|0x0000000085500000, 0x0000000085500000, 0x0000000085600000|  0%| F|  |TAMS 0x0000000085500000| PB 0x0000000085500000| Untracked 
|  64|0x0000000085600000, 0x0000000085600000, 0x0000000085700000|  0%| F|  |TAMS 0x0000000085600000| PB 0x0000000085600000| Untracked 
|  65|0x0000000085700000, 0x0000000085700000, 0x0000000085800000|  0%| F|  |TAMS 0x0000000085700000| PB 0x0000000085700000| Untracked 
|  66|0x0000000085800000, 0x0000000085800000, 0x0000000085900000|  0%| F|  |TAMS 0x0000000085800000| PB 0x0000000085800000| Untracked 
|  67|0x0000000085900000, 0x0000000085900000, 0x0000000085a00000|  0%| F|  |TAMS 0x0000000085900000| PB 0x0000000085900000| Untracked 
|  68|0x0000000085a00000, 0x0000000085a00000, 0x0000000085b00000|  0%| F|  |TAMS 0x0000000085a00000| PB 0x0000000085a00000| Untracked 
|  69|0x0000000085b00000, 0x0000000085b00000, 0x0000000085c00000|  0%| F|  |TAMS 0x0000000085b00000| PB 0x0000000085b00000| Untracked 
|  70|0x0000000085c00000, 0x0000000085c00000, 0x0000000085d00000|  0%| F|  |TAMS 0x0000000085c00000| PB 0x0000000085c00000| Untracked 
|  71|0x0000000085d00000, 0x0000000085d00000, 0x0000000085e00000|  0%| F|  |TAMS 0x0000000085d00000| PB 0x0000000085d00000| Untracked 
|  72|0x0000000085e00000, 0x0000000085e00000, 0x0000000085f00000|  0%| F|  |TAMS 0x0000000085e00000| PB 0x0000000085e00000| Untracked 
|  73|0x0000000085f00000, 0x0000000085f00000, 0x0000000086000000|  0%| F|  |TAMS 0x0000000085f00000| PB 0x0000000085f00000| Untracked 
|  74|0x0000000086000000, 0x0000000086000000, 0x0000000086100000|  0%| F|  |TAMS 0x0000000086000000| PB 0x0000000086000000| Untracked 
|  75|0x0000000086100000, 0x0000000086100000, 0x0000000086200000|  0%| F|  |TAMS 0x0000000086100000| PB 0x0000000086100000| Untracked 
|  76|0x0000000086200000, 0x0000000086200000, 0x0000000086300000|  0%| F|  |TAMS 0x0000000086200000| PB 0x0000000086200000| Untracked 
|  77|0x0000000086300000, 0x0000000086300000, 0x0000000086400000|  0%| F|  |TAMS 0x0000000086300000| PB 0x0000000086300000| Untracked 
|  78|0x0000000086400000, 0x0000000086400000, 0x0000000086500000|  0%| F|  |TAMS 0x0000000086400000| PB 0x0000000086400000| Untracked 
|  79|0x0000000086500000, 0x0000000086500000, 0x0000000086600000|  0%| F|  |TAMS 0x0000000086500000| PB 0x0000000086500000| Untracked 
|  80|0x0000000086600000, 0x0000000086600000, 0x0000000086700000|  0%| F|  |TAMS 0x0000000086600000| PB 0x0000000086600000| Untracked 
|  81|0x0000000086700000, 0x0000000086700000, 0x0000000086800000|  0%| F|  |TAMS 0x0000000086700000| PB 0x0000000086700000| Untracked 
|  82|0x0000000086800000, 0x0000000086800000, 0x0000000086900000|  0%| F|  |TAMS 0x0000000086800000| PB 0x0000000086800000| Untracked 
|  83|0x0000000086900000, 0x0000000086900000, 0x0000000086a00000|  0%| F|  |TAMS 0x0000000086900000| PB 0x0000000086900000| Untracked 
|  84|0x0000000086a00000, 0x0000000086a00000, 0x0000000086b00000|  0%| F|  |TAMS 0x0000000086a00000| PB 0x0000000086a00000| Untracked 
|  85|0x0000000086b00000, 0x0000000086b00000, 0x0000000086c00000|  0%| F|  |TAMS 0x0000000086b00000| PB 0x0000000086b00000| Untracked 
|  86|0x0000000086c00000, 0x0000000086c00000, 0x0000000086d00000|  0%| F|  |TAMS 0x0000000086c00000| PB 0x0000000086c00000| Untracked 
|  87|0x0000000086d00000, 0x0000000086d00000, 0x0000000086e00000|  0%| F|  |TAMS 0x0000000086d00000| PB 0x0000000086d00000| Untracked 
|  88|0x0000000086e00000, 0x0000000086e00000, 0x0000000086f00000|  0%| F|  |TAMS 0x0000000086e00000| PB 0x0000000086e00000| Untracked 
|  89|0x0000000086f00000, 0x0000000086f00000, 0x0000000087000000|  0%| F|  |TAMS 0x0000000086f00000| PB 0x0000000086f00000| Untracked 
|  90|0x0000000087000000, 0x0000000087000000, 0x0000000087100000|  0%| F|  |TAMS 0x0000000087000000| PB 0x0000000087000000| Untracked 
|  91|0x0000000087100000, 0x0000000087100000, 0x0000000087200000|  0%| F|  |TAMS 0x0000000087100000| PB 0x0000000087100000| Untracked 
|  92|0x0000000087200000, 0x0000000087200000, 0x0000000087300000|  0%| F|  |TAMS 0x0000000087200000| PB 0x0000000087200000| Untracked 
|  93|0x0000000087300000, 0x0000000087300000, 0x0000000087400000|  0%| F|  |TAMS 0x0000000087300000| PB 0x0000000087300000| Untracked 
|  94|0x0000000087400000, 0x0000000087400000, 0x0000000087500000|  0%| F|  |TAMS 0x0000000087400000| PB 0x0000000087400000| Untracked 
|  95|0x0000000087500000, 0x0000000087500000, 0x0000000087600000|  0%| F|  |TAMS 0x0000000087500000| PB 0x0000000087500000| Untracked 
|  96|0x0000000087600000, 0x0000000087600000, 0x0000000087700000|  0%| F|  |TAMS 0x0000000087600000| PB 0x0000000087600000| Untracked 
|  97|0x0000000087700000, 0x0000000087700000, 0x0000000087800000|  0%| F|  |TAMS 0x0000000087700000| PB 0x0000000087700000| Untracked 
|  98|0x0000000087800000, 0x0000000087800000, 0x0000000087900000|  0%| F|  |TAMS 0x0000000087800000| PB 0x0000000087800000| Untracked 
|  99|0x0000000087900000, 0x0000000087900000, 0x0000000087a00000|  0%| F|  |TAMS 0x0000000087900000| PB 0x0000000087900000| Untracked 
| 100|0x0000000087a00000, 0x0000000087a00000, 0x0000000087b00000|  0%| F|  |TAMS 0x0000000087a00000| PB 0x0000000087a00000| Untracked 
| 101|0x0000000087b00000, 0x0000000087b00000, 0x0000000087c00000|  0%| F|  |TAMS 0x0000000087b00000| PB 0x0000000087b00000| Untracked 
| 102|0x0000000087c00000, 0x0000000087c00000, 0x0000000087d00000|  0%| F|  |TAMS 0x0000000087c00000| PB 0x0000000087c00000| Untracked 
| 103|0x0000000087d00000, 0x0000000087d00000, 0x0000000087e00000|  0%| F|  |TAMS 0x0000000087d00000| PB 0x0000000087d00000| Untracked 
| 104|0x0000000087e00000, 0x0000000087e00000, 0x0000000087f00000|  0%| F|  |TAMS 0x0000000087e00000| PB 0x0000000087e00000| Untracked 
| 105|0x0000000087f00000, 0x0000000087f00000, 0x0000000088000000|  0%| F|  |TAMS 0x0000000087f00000| PB 0x0000000087f00000| Untracked 
| 106|0x0000000088000000, 0x0000000088000000, 0x0000000088100000|  0%| F|  |TAMS 0x0000000088000000| PB 0x0000000088000000| Untracked 
| 107|0x0000000088100000, 0x0000000088100000, 0x0000000088200000|  0%| F|  |TAMS 0x0000000088100000| PB 0x0000000088100000| Untracked 
| 108|0x0000000088200000, 0x0000000088200000, 0x0000000088300000|  0%| F|  |TAMS 0x0000000088200000| PB 0x0000000088200000| Untracked 
| 109|0x0000000088300000, 0x0000000088300000, 0x0000000088400000|  0%| F|  |TAMS 0x0000000088300000| PB 0x0000000088300000| Untracked 
| 110|0x0000000088400000, 0x0000000088400000, 0x0000000088500000|  0%| F|  |TAMS 0x0000000088400000| PB 0x0000000088400000| Untracked 
| 111|0x0000000088500000, 0x0000000088500000, 0x0000000088600000|  0%| F|  |TAMS 0x0000000088500000| PB 0x0000000088500000| Untracked 
| 112|0x0000000088600000, 0x0000000088600000, 0x0000000088700000|  0%| F|  |TAMS 0x0000000088600000| PB 0x0000000088600000| Untracked 
| 113|0x0000000088700000, 0x0000000088700000, 0x0000000088800000|  0%| F|  |TAMS 0x0000000088700000| PB 0x0000000088700000| Untracked 
| 114|0x0000000088800000, 0x0000000088800000, 0x0000000088900000|  0%| F|  |TAMS 0x0000000088800000| PB 0x0000000088800000| Untracked 
| 115|0x0000000088900000, 0x0000000088900000, 0x0000000088a00000|  0%| F|  |TAMS 0x0000000088900000| PB 0x0000000088900000| Untracked 
| 116|0x0000000088a00000, 0x0000000088a00000, 0x0000000088b00000|  0%| F|  |TAMS 0x0000000088a00000| PB 0x0000000088a00000| Untracked 
| 117|0x0000000088b00000, 0x0000000088b00000, 0x0000000088c00000|  0%| F|  |TAMS 0x0000000088b00000| PB 0x0000000088b00000| Untracked 
| 118|0x0000000088c00000, 0x0000000088c00000, 0x0000000088d00000|  0%| F|  |TAMS 0x0000000088c00000| PB 0x0000000088c00000| Untracked 
| 119|0x0000000088d00000, 0x0000000088d00000, 0x0000000088e00000|  0%| F|  |TAMS 0x0000000088d00000| PB 0x0000000088d00000| Untracked 
| 120|0x0000000088e00000, 0x0000000088e00000, 0x0000000088f00000|  0%| F|  |TAMS 0x0000000088e00000| PB 0x0000000088e00000| Untracked 
| 121|0x0000000088f00000, 0x0000000088f00000, 0x0000000089000000|  0%| F|  |TAMS 0x0000000088f00000| PB 0x0000000088f00000| Untracked 
| 122|0x0000000089000000, 0x0000000089000000, 0x0000000089100000|  0%| F|  |TAMS 0x0000000089000000| PB 0x0000000089000000| Untracked 
| 123|0x0000000089100000, 0x0000000089100000, 0x0000000089200000|  0%| F|  |TAMS 0x0000000089100000| PB 0x0000000089100000| Untracked 
| 124|0x0000000089200000, 0x0000000089200000, 0x0000000089300000|  0%| F|  |TAMS 0x0000000089200000| PB 0x0000000089200000| Untracked 
| 125|0x0000000089300000, 0x0000000089300000, 0x0000000089400000|  0%| F|  |TAMS 0x0000000089300000| PB 0x0000000089300000| Untracked 
| 126|0x0000000089400000, 0x0000000089400000, 0x0000000089500000|  0%| F|  |TAMS 0x0000000089400000| PB 0x0000000089400000| Untracked 
| 127|0x0000000089500000, 0x0000000089500000, 0x0000000089600000|  0%| F|  |TAMS 0x0000000089500000| PB 0x0000000089500000| Untracked 

Card table byte_map: [0x00000218da400000,0x00000218da800000] _byte_map_base: 0x00000218d9ff5000

Marking Bits: (CMBitMap*) 0x00000218c76b19b0
 Bits: [0x00000218da800000, 0x00000218dc7a8000)

Polling page: 0x00000218c5630000

Metaspace:

Usage:
  Non-class:    213.81 KB used.
      Class:      8.55 KB used.
       Both:    222.36 KB used.

Virtual space:
  Non-class space:       64.00 MB reserved,     320.00 KB ( <1%) committed,  1 nodes.
      Class space:        1.00 GB reserved,     128.00 KB ( <1%) committed,  1 nodes.
             Both:        1.06 GB reserved,     448.00 KB ( <1%) committed. 

Chunk freelists:
   Non-Class:  11.99 MB
       Class:  15.75 MB
        Both:  27.74 MB

MaxMetaspaceSize: unlimited
CompressedClassSpaceSize: 1.00 GB
Initial GC threshold: 21.00 MB
Current GC threshold: 21.00 MB
CDS: on
 - commit_granule_bytes: 65536.
 - commit_granule_words: 8192.
 - virtual_space_node_default_size: 8388608.
 - enlarge_chunks_in_place: 1.
 - use_allocation_guard: 0.


Internal statistics:

num_allocs_failed_limit: 0.
num_arena_births: 4.
num_arena_deaths: 0.
num_vsnodes_births: 2.
num_vsnodes_deaths: 0.
num_space_committed: 7.
num_space_uncommitted: 0.
num_chunks_returned_to_freelist: 0.
num_chunks_taken_from_freelist: 5.
num_chunk_merges: 0.
num_chunk_splits: 3.
num_chunks_enlarged: 1.
num_inconsistent_stats: 0.

CodeHeap 'non-profiled nmethods': size=120000Kb used=50Kb max_used=50Kb free=119949Kb
 bounds [0x00000218d2ad0000, 0x00000218d2d40000, 0x00000218da000000]
CodeHeap 'profiled nmethods': size=120000Kb used=143Kb max_used=143Kb free=119857Kb
 bounds [0x00000218cb000000, 0x00000218cb270000, 0x00000218d2530000]
CodeHeap 'non-nmethods': size=5760Kb used=1174Kb max_used=1194Kb free=4585Kb
 bounds [0x00000218d2530000, 0x00000218d27a0000, 0x00000218d2ad0000]
 total_blobs=415 nmethods=108 adapters=212
 compilation: enabled
              stopped_count=0, restarted_count=0
 full_count=0

Compilation events (20 events):
Event: 5.202 Thread 0x00000218dec7dd70 nmethod 98 0x00000218d2ad6c90 code [0x00000218d2ad6e40, 0x00000218d2ad7310]
Event: 5.202 Thread 0x00000218dec7dd70  100       4       java.lang.Integer::stringSize (47 bytes)
Event: 5.202 Thread 0x00000218dec7dd70 nmethod 100 0x00000218d2ad7590 code [0x00000218d2ad7720, 0x00000218d2ad77c8]
Event: 5.202 Thread 0x00000218dec7dd70  101       4       java.lang.Integer::getChars (121 bytes)
Event: 5.203 Thread 0x00000218dec7dd70 nmethod 101 0x00000218d2ad7890 code [0x00000218d2ad7a20, 0x00000218d2ad7b90]
Event: 5.203 Thread 0x00000218dec7dd70  102       4       java.lang.String::valueOf (5 bytes)
Event: 5.204 Thread 0x00000218e30ec930 nmethod 99 0x00000218d2ad7d10 code [0x00000218d2ad7ec0, 0x00000218d2ad83d0]
Event: 5.204 Thread 0x00000218e30ec930  103       4       java.lang.Integer::toString (55 bytes)
Event: 5.206 Thread 0x00000218dec7dd70 nmethod 102 0x00000218d2ad8610 code [0x00000218d2ad87c0, 0x00000218d2ad8a10]
Event: 5.206 Thread 0x00000218dec7dd70  104       4       java.lang.StringBuilder::<init> (6 bytes)
Event: 5.206 Thread 0x00000218e30ec930 nmethod 103 0x00000218d2ad8c10 code [0x00000218d2ad8dc0, 0x00000218d2ad9010]
Event: 5.207 Thread 0x00000218e30ec930  105       4       java.lang.AbstractStringBuilder::<init> (63 bytes)
Event: 5.213 Thread 0x00000218dec81020  106 %     3       baekjoon.Main_13913::main @ 94 (143 bytes)
Event: 5.214 Thread 0x00000218e30ec930 nmethod 105 0x00000218d2ad9210 code [0x00000218d2ad9400, 0x00000218d2ad9b00]
Event: 5.214 Thread 0x00000218dec7dd70 nmethod 104 0x00000218d2ad9f10 code [0x00000218d2ada100, 0x00000218d2ada840]
Event: 5.215 Thread 0x00000218dec81020 nmethod 106% 0x00000218cb020810 code [0x00000218cb020b80, 0x00000218cb021b28]
Event: 5.215 Thread 0x00000218dec81020  107       3       baekjoon.Main_13913::main (143 bytes)
Event: 5.216 Thread 0x00000218dec81020 nmethod 107 0x00000218cb022290 code [0x00000218cb022600, 0x00000218cb023520]
Event: 5.224 Thread 0x00000218dec7dd70  108 %     4       baekjoon.Main_13913::main @ 94 (143 bytes)
Event: 5.254 Thread 0x00000218dec7dd70 nmethod 108% 0x00000218d2adac10 code [0x00000218d2adae60, 0x00000218d2adbda8]

GC Heap History (11 events):
Event: 5.216 GC heap before
{Heap before GC invocations=0 (full 0):
 garbage-first heap   total 131072K, used 12288K [0x0000000081600000, 0x0000000100000000)
  region size 1024K, 13 young (13312K), 0 survivors (0K)
 Metaspace       used 222K, committed 448K, reserved 1114112K
  class space    used 8K, committed 128K, reserved 1048576K
}
Event: 5.218 GC heap after
{Heap after GC invocations=1 (full 0):
 garbage-first heap   total 131072K, used 1253K [0x0000000081600000, 0x0000000100000000)
  region size 1024K, 2 young (2048K), 2 survivors (2048K)
 Metaspace       used 222K, committed 448K, reserved 1114112K
  class space    used 8K, committed 128K, reserved 1048576K
}
Event: 5.250 GC heap before
{Heap before GC invocations=1 (full 0):
 garbage-first heap   total 131072K, used 28901K [0x0000000081600000, 0x0000000100000000)
  region size 1024K, 28 young (28672K), 2 survivors (2048K)
 Metaspace       used 222K, committed 448K, reserved 1114112K
  class space    used 8K, committed 128K, reserved 1048576K
}
Event: 5.252 GC heap after
{Heap after GC invocations=2 (full 0):
 garbage-first heap   total 131072K, used 2036K [0x0000000081600000, 0x0000000100000000)
  region size 1024K, 1 young (1024K), 1 survivors (1024K)
 Metaspace       used 222K, committed 448K, reserved 1114112K
  class space    used 8K, committed 128K, reserved 1048576K
}
Event: 5.313 GC heap before
{Heap before GC invocations=2 (full 0):
 garbage-first heap   total 131072K, used 83956K [0x0000000081600000, 0x0000000100000000)
  region size 1024K, 76 young (77824K), 1 survivors (1024K)
 Metaspace       used 222K, committed 448K, reserved 1114112K
  class space    used 8K, committed 128K, reserved 1048576K
}
Event: 5.314 GC heap after
{Heap after GC invocations=3 (full 0):
 garbage-first heap   total 131072K, used 4042K [0x0000000081600000, 0x0000000100000000)
  region size 1024K, 1 young (1024K), 1 survivors (1024K)
 Metaspace       used 222K, committed 448K, reserved 1114112K
  class space    used 8K, committed 128K, reserved 1048576K
}
Event: 5.361 GC heap before
{Heap before GC invocations=3 (full 0):
 garbage-first heap   total 131072K, used 85962K [0x0000000081600000, 0x0000000100000000)
  region size 1024K, 76 young (77824K), 1 survivors (1024K)
 Metaspace       used 222K, committed 448K, reserved 1114112K
  class space    used 8K, committed 128K, reserved 1048576K
}
Event: 5.362 GC heap after
{Heap after GC invocations=4 (full 0):
 garbage-first heap   total 131072K, used 6084K [0x0000000081600000, 0x0000000100000000)
  region size 1024K, 1 young (1024K), 1 survivors (1024K)
 Metaspace       used 222K, committed 448K, reserved 1114112K
  class space    used 8K, committed 128K, reserved 1048576K
}
Event: 5.418 GC heap before
{Heap before GC invocations=4 (full 0):
 garbage-first heap   total 131072K, used 93124K [0x0000000081600000, 0x0000000100000000)
  region size 1024K, 76 young (77824K), 1 survivors (1024K)
 Metaspace       used 222K, committed 448K, reserved 1114112K
  class space    used 8K, committed 128K, reserved 1048576K
}
Event: 5.419 GC heap after
{Heap after GC invocations=5 (full 0):
 garbage-first heap   total 131072K, used 11213K [0x0000000081600000, 0x0000000100000000)
  region size 1024K, 1 young (1024K), 1 survivors (1024K)
 Metaspace       used 222K, committed 448K, reserved 1114112K
  class space    used 8K, committed 128K, reserved 1048576K
}
Event: 5.456 GC heap before
{Heap before GC invocations=5 (full 0):
 garbage-first heap   total 131072K, used 88013K [0x0000000081600000, 0x0000000100000000)
  region size 1024K, 76 young (77824K), 1 survivors (1024K)
 Metaspace       used 222K, committed 448K, reserved 1114112K
  class space    used 8K, committed 128K, reserved 1048576K
}

Dll operation events (2 events):
Event: 0.011 Loaded shared library C:\sts-4.29.1.RELEASE\plugins\org.eclipse.justj.openjdk.hotspot.jre.full.win32.x86_64_21.0.6.v20250130-0529\jre\bin\java.dll
Event: 0.048 Loaded shared library C:\sts-4.29.1.RELEASE\plugins\org.eclipse.justj.openjdk.hotspot.jre.full.win32.x86_64_21.0.6.v20250130-0529\jre\bin\zip.dll

Deoptimization events (2 events):
Event: 5.255 Thread 0x00000218c53febe0 DEOPT PACKING pc=0x00000218cb02199c sp=0x000000500aeff360
Event: 5.255 Thread 0x00000218c53febe0 DEOPT UNPACKING pc=0x00000218d2584e42 sp=0x000000500aefe880 mode 0

Classes loaded (20 events):
Event: 0.047 Loading class sun/nio/cs/UTF_8$Encoder
Event: 0.048 Loading class sun/nio/cs/UTF_8$Encoder done
Event: 0.076 Loading class jdk/internal/vm/PostVMInitHook
Event: 0.076 Loading class jdk/internal/vm/PostVMInitHook done
Event: 0.076 Loading class jdk/internal/loader/URLClassPath$FileLoader
Event: 0.077 Loading class jdk/internal/loader/URLClassPath$FileLoader done
Event: 0.078 Loading class jdk/internal/loader/URLClassPath$FileLoader$1
Event: 0.078 Loading class jdk/internal/loader/URLClassPath$FileLoader$1 done
Event: 0.081 Loading class java/io/Reader
Event: 0.081 Loading class java/io/Reader done
Event: 0.081 Loading class java/io/InputStreamReader
Event: 0.081 Loading class java/io/InputStreamReader done
Event: 0.082 Loading class java/io/BufferedReader
Event: 0.082 Loading class java/io/BufferedReader done
Event: 0.082 Loading class sun/nio/cs/StreamDecoder
Event: 0.083 Loading class sun/nio/cs/StreamDecoder done
Event: 0.083 Loading class sun/nio/cs/UTF_8$Decoder
Event: 0.083 Loading class sun/nio/cs/UTF_8$Decoder done
Event: 0.084 Loading class java/util/StringTokenizer
Event: 0.084 Loading class java/util/StringTokenizer done

Classes unloaded (0 events):
No events

Classes redefined (0 events):
No events

Internal exceptions (0 events):
No events

ZGC Phase Switch (0 events):
No events

VM Operations (13 events):
Event: 1.044 Executing VM operation: Cleanup
Event: 1.044 Executing VM operation: Cleanup done
Event: 5.216 Executing VM operation: G1CollectForAllocation (G1 Evacuation Pause)
Event: 5.218 Executing VM operation: G1CollectForAllocation (G1 Evacuation Pause) done
Event: 5.250 Executing VM operation: G1CollectForAllocation (G1 Evacuation Pause)
Event: 5.252 Executing VM operation: G1CollectForAllocation (G1 Evacuation Pause) done
Event: 5.313 Executing VM operation: G1CollectForAllocation (G1 Evacuation Pause)
Event: 5.314 Executing VM operation: G1CollectForAllocation (G1 Evacuation Pause) done
Event: 5.361 Executing VM operation: G1CollectForAllocation (G1 Evacuation Pause)
Event: 5.362 Executing VM operation: G1CollectForAllocation (G1 Evacuation Pause) done
Event: 5.418 Executing VM operation: G1CollectForAllocation (G1 Evacuation Pause)
Event: 5.419 Executing VM operation: G1CollectForAllocation (G1 Evacuation Pause) done
Event: 5.455 Executing VM operation: G1CollectForAllocation (G1 Evacuation Pause)

Memory protections (0 events):
No events

Nmethod flushes (0 events):
No events

Events (12 events):
Event: 0.028 Thread 0x00000218c53febe0 Thread added: 0x00000218c53febe0
Event: 0.050 Thread 0x00000218c53febe0 Thread added: 0x00000218dec66010
Event: 0.050 Thread 0x00000218c53febe0 Thread added: 0x00000218dec6c8f0
Event: 0.050 Thread 0x00000218c53febe0 Thread added: 0x00000218dec70b40
Event: 0.050 Thread 0x00000218c53febe0 Thread added: 0x00000218dec71da0
Event: 0.051 Thread 0x00000218c53febe0 Thread added: 0x00000218dec748f0
Event: 0.051 Thread 0x00000218c53febe0 Thread added: 0x00000218dec78840
Event: 0.051 Thread 0x00000218c53febe0 Thread added: 0x00000218dec7dd70
Event: 0.051 Thread 0x00000218c53febe0 Thread added: 0x00000218dec81020
Event: 0.076 Thread 0x00000218c53febe0 Thread added: 0x00000218e30d8070
Event: 0.079 Thread 0x00000218c53febe0 Thread added: 0x00000218e30db8a0
Event: 5.195 Thread 0x00000218dec7dd70 Thread added: 0x00000218e30ec930


Dynamic libraries:
0x00007ff672da0000 - 0x00007ff672dae000 	C:\sts-4.29.1.RELEASE\plugins\org.eclipse.justj.openjdk.hotspot.jre.full.win32.x86_64_21.0.6.v20250130-0529\jre\bin\javaw.exe
0x00007ffde6dd0000 - 0x00007ffde6fc8000 	C:\WINDOWS\SYSTEM32\ntdll.dll
0x00007ffde5940000 - 0x00007ffde5a02000 	C:\WINDOWS\System32\KERNEL32.DLL
0x00007ffde45b0000 - 0x00007ffde48af000 	C:\WINDOWS\System32\KERNELBASE.dll
0x00007ffde4a40000 - 0x00007ffde4b40000 	C:\WINDOWS\System32\ucrtbase.dll
0x00007ffdcd9f0000 - 0x00007ffdcda08000 	C:\sts-4.29.1.RELEASE\plugins\org.eclipse.justj.openjdk.hotspot.jre.full.win32.x86_64_21.0.6.v20250130-0529\jre\bin\jli.dll
0x00007ffde6b20000 - 0x00007ffde6cbd000 	C:\WINDOWS\System32\USER32.dll
0x00007ffde4580000 - 0x00007ffde45a2000 	C:\WINDOWS\System32\win32u.dll
0x00007ffde6af0000 - 0x00007ffde6b1b000 	C:\WINDOWS\System32\GDI32.dll
0x00007ffde4b40000 - 0x00007ffde4c5a000 	C:\WINDOWS\System32\gdi32full.dll
0x00007ffde4470000 - 0x00007ffde450d000 	C:\WINDOWS\System32\msvcp_win.dll
0x00007ffdcba50000 - 0x00007ffdcba6e000 	C:\sts-4.29.1.RELEASE\plugins\org.eclipse.justj.openjdk.hotspot.jre.full.win32.x86_64_21.0.6.v20250130-0529\jre\bin\VCRUNTIME140.dll
0x00007ffdd2e70000 - 0x00007ffdd310a000 	C:\WINDOWS\WinSxS\amd64_microsoft.windows.common-controls_6595b64144ccf1df_6.0.19041.4355_none_60b8b9eb71f62e16\COMCTL32.dll
0x00007ffde5870000 - 0x00007ffde590e000 	C:\WINDOWS\System32\msvcrt.dll
0x00007ffde6ac0000 - 0x00007ffde6aef000 	C:\WINDOWS\System32\IMM32.DLL
0x00007ffdddc80000 - 0x00007ffdddc8c000 	C:\sts-4.29.1.RELEASE\plugins\org.eclipse.justj.openjdk.hotspot.jre.full.win32.x86_64_21.0.6.v20250130-0529\jre\bin\vcruntime140_1.dll
0x00007ffdc5240000 - 0x00007ffdc52cd000 	C:\sts-4.29.1.RELEASE\plugins\org.eclipse.justj.openjdk.hotspot.jre.full.win32.x86_64_21.0.6.v20250130-0529\jre\bin\msvcp140.dll
0x00007ffd6c9b0000 - 0x00007ffd6d740000 	C:\sts-4.29.1.RELEASE\plugins\org.eclipse.justj.openjdk.hotspot.jre.full.win32.x86_64_21.0.6.v20250130-0529\jre\bin\server\jvm.dll
0x00007ffde5a70000 - 0x00007ffde5b1f000 	C:\WINDOWS\System32\ADVAPI32.dll
0x00007ffde5e70000 - 0x00007ffde5f0f000 	C:\WINDOWS\System32\sechost.dll
0x00007ffde5ce0000 - 0x00007ffde5e03000 	C:\WINDOWS\System32\RPCRT4.dll
0x00007ffde4c60000 - 0x00007ffde4c87000 	C:\WINDOWS\System32\bcrypt.dll
0x00007ffde6cc0000 - 0x00007ffde6d2b000 	C:\WINDOWS\System32\WS2_32.dll
0x00007ffde39b0000 - 0x00007ffde39fb000 	C:\WINDOWS\SYSTEM32\POWRPROF.dll
0x00007ffdcfa20000 - 0x00007ffdcfa47000 	C:\WINDOWS\SYSTEM32\WINMM.dll
0x00007ffddcb60000 - 0x00007ffddcb6a000 	C:\WINDOWS\SYSTEM32\VERSION.dll
0x00007ffde3870000 - 0x00007ffde3882000 	C:\WINDOWS\SYSTEM32\UMPDC.dll
0x00007ffde2c80000 - 0x00007ffde2c92000 	C:\WINDOWS\SYSTEM32\kernel.appcore.dll
0x00007ffde11a0000 - 0x00007ffde11aa000 	C:\sts-4.29.1.RELEASE\plugins\org.eclipse.justj.openjdk.hotspot.jre.full.win32.x86_64_21.0.6.v20250130-0529\jre\bin\jimage.dll
0x00007ffde21a0000 - 0x00007ffde2384000 	C:\WINDOWS\SYSTEM32\DBGHELP.DLL
0x00007ffdca5e0000 - 0x00007ffdca614000 	C:\WINDOWS\SYSTEM32\dbgcore.DLL
0x00007ffde49b0000 - 0x00007ffde4a32000 	C:\WINDOWS\System32\bcryptPrimitives.dll
0x00007ffde08d0000 - 0x00007ffde08ef000 	C:\sts-4.29.1.RELEASE\plugins\org.eclipse.justj.openjdk.hotspot.jre.full.win32.x86_64_21.0.6.v20250130-0529\jre\bin\java.dll
0x00007ffde6270000 - 0x00007ffde69dd000 	C:\WINDOWS\System32\SHELL32.dll
0x00007ffde2390000 - 0x00007ffde2b34000 	C:\WINDOWS\SYSTEM32\windows.storage.dll
0x00007ffde5f10000 - 0x00007ffde6265000 	C:\WINDOWS\System32\combase.dll
0x00007ffde3ea0000 - 0x00007ffde3ecb000 	C:\WINDOWS\SYSTEM32\Wldp.dll
0x00007ffde4f20000 - 0x00007ffde4fed000 	C:\WINDOWS\System32\OLEAUT32.dll
0x00007ffde4ff0000 - 0x00007ffde509d000 	C:\WINDOWS\System32\SHCORE.dll
0x00007ffde5a10000 - 0x00007ffde5a65000 	C:\WINDOWS\System32\shlwapi.dll
0x00007ffde43a0000 - 0x00007ffde43c5000 	C:\WINDOWS\SYSTEM32\profapi.dll
0x00007ffdded50000 - 0x00007ffdded68000 	C:\sts-4.29.1.RELEASE\plugins\org.eclipse.justj.openjdk.hotspot.jre.full.win32.x86_64_21.0.6.v20250130-0529\jre\bin\zip.dll

dbghelp: loaded successfully - version: 4.0.5 - missing functions: none
symbol engine: initialized successfully - sym options: 0x614 - pdb path: .;C:\sts-4.29.1.RELEASE\plugins\org.eclipse.justj.openjdk.hotspot.jre.full.win32.x86_64_21.0.6.v20250130-0529\jre\bin;C:\WINDOWS\SYSTEM32;C:\WINDOWS\WinSxS\amd64_microsoft.windows.common-controls_6595b64144ccf1df_6.0.19041.4355_none_60b8b9eb71f62e16;C:\sts-4.29.1.RELEASE\plugins\org.eclipse.justj.openjdk.hotspot.jre.full.win32.x86_64_21.0.6.v20250130-0529\jre\bin\server

VM Arguments:
jvm_args: -Dfile.encoding=UTF-8 -Dstdout.encoding=UTF-8 -Dstderr.encoding=UTF-8 -XX:+ShowCodeDetailsInExceptionMessages 
java_command: baekjoon.Main_13913
java_class_path (initial): C:\work_algo\baekjoon\bin
Launcher Type: SUN_STANDARD

[Global flags]
     intx CICompilerCount                          = 3                                         {product} {ergonomic}
     uint ConcGCThreads                            = 1                                         {product} {ergonomic}
     uint G1ConcRefinementThreads                  = 4                                         {product} {ergonomic}
   size_t G1HeapRegionSize                         = 1048576                                   {product} {ergonomic}
    uintx GCDrainStackTargetSize                   = 64                                        {product} {ergonomic}
   size_t InitialHeapSize                          = 134217728                                 {product} {ergonomic}
   size_t MarkStackSize                            = 4194304                                   {product} {ergonomic}
   size_t MaxHeapSize                              = 2124414976                                {product} {ergonomic}
   size_t MaxNewSize                               = 1274019840                                {product} {ergonomic}
   size_t MinHeapDeltaBytes                        = 1048576                                   {product} {ergonomic}
   size_t MinHeapSize                              = 8388608                                   {product} {ergonomic}
    uintx NonNMethodCodeHeapSize                   = 5832780                                {pd product} {ergonomic}
    uintx NonProfiledCodeHeapSize                  = 122912730                              {pd product} {ergonomic}
    uintx ProfiledCodeHeapSize                     = 122912730                              {pd product} {ergonomic}
    uintx ReservedCodeCacheSize                    = 251658240                              {pd product} {ergonomic}
     bool SegmentedCodeCache                       = true                                      {product} {ergonomic}
     bool ShowCodeDetailsInExceptionMessages       = true                                   {manageable} {command line}
   size_t SoftMaxHeapSize                          = 2124414976                             {manageable} {ergonomic}
     bool UseCompressedOops                        = true                           {product lp64_product} {ergonomic}
     bool UseG1GC                                  = true                                      {product} {ergonomic}
     bool UseLargePagesIndividualAllocation        = false                                  {pd product} {ergonomic}

Logging:
Log output configuration:
 #0: stdout all=warning uptime,level,tags foldmultilines=false
 #1: stderr all=off uptime,level,tags foldmultilines=false

Environment Variables:
JAVA_HOME=C:\Program Files\BellSoft\LibericaJDK-17\
PATH=C:/sts-4.29.1.RELEASE//plugins/org.eclipse.justj.openjdk.hotspot.jre.full.win32.x86_64_21.0.6.v20250130-0529/jre/bin/server;C:/sts-4.29.1.RELEASE//plugins/org.eclipse.justj.openjdk.hotspot.jre.full.win32.x86_64_21.0.6.v20250130-0529/jre/bin;C:\Program Files\BellSoft\LibericaJDK-17\bin\;C:\Program Files\BellSoft\LibericaJDK-21\bin\;C:\ProgramData\Oracle\Java\javapath;C:\Program Files (x86)\Intel\iCLS Client\;C:\Program Files\Intel\iCLS Client\;C:\WINDOWS\system32;C:\WINDOWS;C:\WINDOWS\System32\Wbem;C:\WINDOWS\System32\WindowsPowerShell\v1.0\;C:\Program Files (x86)\Intel\Intel(R) Management Engine Components\DAL;C:\Program Files\Intel\Intel(R) Management Engine Components\DAL;C:\Program Files (x86)\Intel\Intel(R) Management Engine Components\IPT;C:\Program Files\Intel\Intel(R) Management Engine Components\IPT;C:\Program Files\Microsoft SQL Server\130\Tools\Binn\;C:\WINDOWS\System32\OpenSSH\;C:\Program Files\Intel\WiFi\bin\;C:\Program Files\Common Files\Intel\WirelessCommon\;C:\Program Files\dotnet\;C:\Program Files\Git\cmd;C:\mingw64\bin;C:\Program Files\CMake\bin;C:\opencv\build\x64\vc15\lib;C:\Program Files\Bandizip\;C:\Program Files\nodejs\;C:\Program Files\Docker\Docker\resources\bin;C:\Users\신호준\AppData\Local\Programs\Python\Python311\Scripts\;C:\Users\신호준\AppData\Local\Programs\Python\Python311\;C:\Users\신호준\AppData\Local\Microsoft\WindowsApps;C:\Users\신호준\AppData\Local\Programs\Microsoft VS Code\bin;C:\Users\신호준\AppData\Roaming\npm;C:\sts-4.29.1.RELEASE;
USERNAME=신호준
OS=Windows_NT
PROCESSOR_IDENTIFIER=Intel64 Family 6 Model 142 Stepping 9, GenuineIntel
TMP=C:\Users\신호준\AppData\Local\Temp
TEMP=C:\Users\신호준\AppData\Local\Temp




Periodic native trim disabled

---------------  S Y S T E M  ---------------

OS:
 Windows 10 , 64 bit Build 19041 (10.0.19041.5438)
OS uptime: 4 days 2:29 hours
Hyper-V role detected

CPU: total 4 (initial active 4) (2 cores per cpu, 2 threads per core) family 6 model 142 stepping 9 microcode 0xb4, cx8, cmov, fxsr, ht, mmx, 3dnowpref, sse, sse2, sse3, ssse3, sse4.1, sse4.2, popcnt, lzcnt, tsc, tscinvbit, avx, avx2, aes, erms, clmul, bmi1, bmi2, adx, fma, vzeroupper, clflush, clflushopt, hv, rdtscp, f16c
Processor Information for the first 4 processors :
  Max Mhz: 2712, Current Mhz: 2511, Mhz Limit: 2495

Memory: 4k page, system-wide physical 8102M (1250M free)
TotalPageFile size 9902M (AvailPageFile size 7M)
current process WorkingSet (physical memory assigned to process): 131M, peak: 131M
current process commit charge ("private bytes"): 202M, peak: 228M

vm_info: OpenJDK 64-Bit Server VM (21.0.6+7-LTS) for windows-amd64 JRE (21.0.6+7-LTS), built on 2025-01-21T00:00:00Z by "admin" with MS VC++ 17.7 (VS2022)

END.
